<?xml version="1.0" encoding="UTF-8"?>
<testsuite name="smoke Test"
           tests="2"
           failures="0"
           errors="0"
           skipped="0"
           time="16.796">
  <properties />
  
  
            <testcase name="verifyProductAddedToShoppingCartSuccessFully" time="14.682" classname="com.nopcommerce.demo.testsuite.ComputerPageTest" />
                <testcase name="verifyProductArrangeInAlphaBaticalOrder" time="2.114" classname="com.nopcommerce.demo.testsuite.ComputerPageTest" />
      
</testsuite>
