<?xml version="1.0" encoding="UTF-8"?>
<testng-results skipped="0" failed="1" ignored="6" total="11" passed="4">
  <reporter-output>
    <line>
      <![CDATA[Clicking on Computer Link : [[ChromeDriver: chrome on WINDOWS (65b2b6a01962edc79be993f073698a1c)] -> xpath: //ul[@class='top-menu notmobile']//a[contains(text(),'Computers')]]]]>
    </line>
    <line>
      <![CDATA[Clicking on Computer Tab : [[ChromeDriver: chrome on WINDOWS (c26b981dba5a822e807be9a0d405306d)] -> xpath: //ul[@class='top-menu notmobile']//a[contains(text(),'Computers')]]]]>
    </line>
    <line>
      <![CDATA[Clicking on Desktop : [[ChromeDriver: chrome on WINDOWS (c26b981dba5a822e807be9a0d405306d)] -> link text: Desktops]]]>
    </line>
    <line>
      <![CDATA[Clicking on Add to cart Tab : [[ChromeDriver: chrome on WINDOWS (c26b981dba5a822e807be9a0d405306d)] -> xpath: //div[@class='add-info']//button[@onclick='return AjaxCart.addproducttocart_catalog("/addproducttocart/catalog/1/1/1"),!1']]]]>
    </line>
    <line>
      <![CDATA[Clicking on Add to oCart Link : [[ChromeDriver: chrome on WINDOWS (c26b981dba5a822e807be9a0d405306d)] -> id: add-to-cart-button-1]]]>
    </line>
    <line>
      <![CDATA[Get Text Message : [[ChromeDriver: chrome on WINDOWS (c26b981dba5a822e807be9a0d405306d)] -> xpath: //div[@class='bar-notification success']/p[1]]]]>
    </line>
    <line>
      <![CDATA[Clicking on Cross button : [[ChromeDriver: chrome on WINDOWS (c26b981dba5a822e807be9a0d405306d)] -> xpath: //span[@class='close']]]]>
    </line>
    <line>
      <![CDATA[Verify Text Message : [[ChromeDriver: chrome on WINDOWS (c26b981dba5a822e807be9a0d405306d)] -> xpath: //h1[text()='Shopping cart']]]]>
    </line>
    <line>
      <![CDATA[Clicking on Update ShoppingCart : [[ChromeDriver: chrome on WINDOWS (c26b981dba5a822e807be9a0d405306d)] -> xpath: //button[@id='updatecart']]]]>
    </line>
    <line>
      <![CDATA[Verify Text  : [[ChromeDriver: chrome on WINDOWS (c26b981dba5a822e807be9a0d405306d)] -> xpath: //tbody/tr[4]/td[2]/span[1]/strong[1]]]]>
    </line>
    <line>
      <![CDATA[Clicking on CheckBox : [[ChromeDriver: chrome on WINDOWS (c26b981dba5a822e807be9a0d405306d)] -> xpath: /html[1]/body[1]/div[6]/div[3]/div[1]/div[1]/div[1]/div[2]/div[1]/form[1]/div[3]/div[2]/div[3]/input[1]]]]>
    </line>
    <line>
      <![CDATA[Clicking on CheckOut : [[ChromeDriver: chrome on WINDOWS (c26b981dba5a822e807be9a0d405306d)] -> xpath: //button[@class='button-1 checkout-button']]]]>
    </line>
    <line>
      <![CDATA[Clicking on Guest Checkout Tab : [[ChromeDriver: chrome on WINDOWS (c26b981dba5a822e807be9a0d405306d)] -> xpath: //button[contains(text(),'Checkout as Guest')]]]]>
    </line>
    <line>
      <![CDATA[Sending FirstName  : John to [[ChromeDriver: chrome on WINDOWS (c26b981dba5a822e807be9a0d405306d)] -> id: BillingNewAddress_FirstName]]]>
    </line>
    <line>
      <![CDATA[Sending Lastname  : white to [[ChromeDriver: chrome on WINDOWS (c26b981dba5a822e807be9a0d405306d)] -> id: BillingNewAddress_LastName]]]>
    </line>
    <line>
      <![CDATA[Sending email  : 123aaa@gmail.com to [[ChromeDriver: chrome on WINDOWS (c26b981dba5a822e807be9a0d405306d)] -> id: BillingNewAddress_Email]]]>
    </line>
    <line>
      <![CDATA[Select Country  : United Kingdom to [[ChromeDriver: chrome on WINDOWS (c26b981dba5a822e807be9a0d405306d)] -> id: BillingNewAddress_CountryId]]]>
    </line>
    <line>
      <![CDATA[Enter City  : London to [[ChromeDriver: chrome on WINDOWS (c26b981dba5a822e807be9a0d405306d)] -> id: BillingNewAddress_City]]]>
    </line>
    <line>
      <![CDATA[Enter address1  : 14 crofts Rd to [[ChromeDriver: chrome on WINDOWS (c26b981dba5a822e807be9a0d405306d)] -> id: BillingNewAddress_Address1]]]>
    </line>
    <line>
      <![CDATA[Enter PostCode  : wd17 2tr to [[ChromeDriver: chrome on WINDOWS (c26b981dba5a822e807be9a0d405306d)] -> id: BillingNewAddress_ZipPostalCode]]]>
    </line>
    <line>
      <![CDATA[Enter phoneNumber  : 07654327856 to [[ChromeDriver: chrome on WINDOWS (c26b981dba5a822e807be9a0d405306d)] -> id: BillingNewAddress_PhoneNumber]]]>
    </line>
    <line>
      <![CDATA[Clicking on Continue Tab : [[ChromeDriver: chrome on WINDOWS (c26b981dba5a822e807be9a0d405306d)] -> xpath: //div[@id='billing-buttons-container']//button[text()='Continue']]]]>
    </line>
    <line>
      <![CDATA[Clicking on RadioButton : [[ChromeDriver: chrome on WINDOWS (c26b981dba5a822e807be9a0d405306d)] -> id: shippingoption_1]]]>
    </line>
    <line>
      <![CDATA[Clicking on Continue Tab : [[ChromeDriver: chrome on WINDOWS (c26b981dba5a822e807be9a0d405306d)] -> xpath: //button[@class='button-1 shipping-method-next-step-button']]]]>
    </line>
    <line>
      <![CDATA[Enter cardholder name  : john white to [[ChromeDriver: chrome on WINDOWS (c26b981dba5a822e807be9a0d405306d)] -> id: CardholderName]]]>
    </line>
    <line>
      <![CDATA[Enter cardNumber name  : 0795 5666 6667 7777 to [[ChromeDriver: chrome on WINDOWS (c26b981dba5a822e807be9a0d405306d)] -> id: CardNumber]]]>
    </line>
    <line>
      <![CDATA[Enter expireMonth  : 05 to [[ChromeDriver: chrome on WINDOWS (c26b981dba5a822e807be9a0d405306d)] -> id: ExpireMonth]]]>
    </line>
    <line>
      <![CDATA[Enter expireYear  : 2025 to [[ChromeDriver: chrome on WINDOWS (c26b981dba5a822e807be9a0d405306d)] -> id: ExpireYear]]]>
    </line>
    <line>
      <![CDATA[Enter cvvNumber  : 567 to [[ChromeDriver: chrome on WINDOWS (c26b981dba5a822e807be9a0d405306d)] -> xpath: //input[@data-val-regex='Wrong card code']]]]>
    </line>
    <line>
      <![CDATA[Clicking on Continue Tab : [[ChromeDriver: chrome on WINDOWS (c26b981dba5a822e807be9a0d405306d)] -> xpath: //button[@class='button-1 payment-info-next-step-button']]]]>
    </line>
    <line>
      <![CDATA[Verify PaymentMethod : [[ChromeDriver: chrome on WINDOWS (c26b981dba5a822e807be9a0d405306d)] -> xpath: //span[contains(text(),'Payment Method:')]]]]>
    </line>
    <line>
      <![CDATA[Verify Message : [[ChromeDriver: chrome on WINDOWS (c26b981dba5a822e807be9a0d405306d)] -> xpath: //span[contains(text(),'Credit Card')]]]]>
    </line>
    <line>
      <![CDATA[Verify Message : [[ChromeDriver: chrome on WINDOWS (c26b981dba5a822e807be9a0d405306d)] -> xpath: //span[contains(text(),'Shipping Method:')]]]]>
    </line>
    <line>
      <![CDATA[Verify Message : [[ChromeDriver: chrome on WINDOWS (c26b981dba5a822e807be9a0d405306d)] -> xpath: //ul//li//span[contains(text(),'Next Day Air')]]]]>
    </line>
    <line>
      <![CDATA[Verify Total : [[ChromeDriver: chrome on WINDOWS (c26b981dba5a822e807be9a0d405306d)] -> xpath: //span//strong[contains(text(),'$2,950.00')]]]]>
    </line>
    <line>
      <![CDATA[Clicking on confirm Tab : [[ChromeDriver: chrome on WINDOWS (c26b981dba5a822e807be9a0d405306d)] -> xpath: //button[@type='button' and @onclick='ConfirmOrder.save()']]]]>
    </line>
    <line>
      <![CDATA[Verify Message : [[ChromeDriver: chrome on WINDOWS (c26b981dba5a822e807be9a0d405306d)] -> xpath: //h1[text()='Thank you']]]]>
    </line>
    <line>
      <![CDATA[Verify Message : [[ChromeDriver: chrome on WINDOWS (c26b981dba5a822e807be9a0d405306d)] -> xpath: //strong[text()='Your order has been successfully processed!']]]]>
    </line>
    <line>
      <![CDATA[Clicking on Continue Tab : [[ChromeDriver: chrome on WINDOWS (c26b981dba5a822e807be9a0d405306d)] -> xpath: //button[@onclick='setLocation("/")']]]]>
    </line>
    <line>
      <![CDATA[Verify Text : [[ChromeDriver: chrome on WINDOWS (c26b981dba5a822e807be9a0d405306d)] -> xpath: //h2[text()='Welcome to our store']]]]>
    </line>
    <line>
      <![CDATA[Clicking on Computer Tab : [[ChromeDriver: chrome on WINDOWS (aaf215674db67558a467349a405d7599)] -> xpath: //ul[@class='top-menu notmobile']//a[contains(text(),'Computers')]]]]>
    </line>
    <line>
      <![CDATA[Clicking on Desktop : [[ChromeDriver: chrome on WINDOWS (aaf215674db67558a467349a405d7599)] -> link text: Desktops]]]>
    </line>
    <line>
      <![CDATA[Clicking on Continue Tab : [[ChromeDriver: chrome on WINDOWS (1364f013e1c9d77130088d15b37dc65f)] -> xpath: //ul[@class='top-menu notmobile']/li[2]]]]>
    </line>
    <line>
      <![CDATA[Clicking on Continue Tab : [[ChromeDriver: chrome on WINDOWS (1364f013e1c9d77130088d15b37dc65f)] -> xpath: //ul[@class='top-menu notmobile']/li[2]]]]>
    </line>
    <line>
      <![CDATA[Clicking on Cellphone : [[ChromeDriver: chrome on WINDOWS (1364f013e1c9d77130088d15b37dc65f)] -> xpath: //body[1]/div[6]/div[2]/ul[1]/li[2]/ul[1]/li[2]/a[1]]]]>
    </line>
    <line>
      <![CDATA[Text verify : [[ChromeDriver: chrome on WINDOWS (1364f013e1c9d77130088d15b37dc65f)] -> xpath: //h1[contains(text(),'Cell phones')]]]]>
    </line>
    <line>
      <![CDATA[Clicking on Continue Tab : [[ChromeDriver: chrome on WINDOWS (13f5dd6475e961b0f2ea317ec0c56908)] -> xpath: //ul[@class='top-menu notmobile']/li[2]]]]>
    </line>
    <line>
      <![CDATA[Clicking on Continue Tab : [[ChromeDriver: chrome on WINDOWS (13f5dd6475e961b0f2ea317ec0c56908)] -> xpath: //ul[@class='top-menu notmobile']/li[2]]]]>
    </line>
    <line>
      <![CDATA[Clicking on Cellphone : [[ChromeDriver: chrome on WINDOWS (13f5dd6475e961b0f2ea317ec0c56908)] -> xpath: //body[1]/div[6]/div[2]/ul[1]/li[2]/ul[1]/li[2]/a[1]]]]>
    </line>
    <line>
      <![CDATA[Text verify : [[ChromeDriver: chrome on WINDOWS (13f5dd6475e961b0f2ea317ec0c56908)] -> xpath: //h1[contains(text(),'Cell phones')]]]]>
    </line>
    <line>
      <![CDATA[Click on listview : [[ChromeDriver: chrome on WINDOWS (13f5dd6475e961b0f2ea317ec0c56908)] -> xpath: //h1[contains(text(),'Cell phones')]]]]>
    </line>
    <line>
      <![CDATA[Click on NokiaLumia : [[ChromeDriver: chrome on WINDOWS (13f5dd6475e961b0f2ea317ec0c56908)] -> xpath: //div[@class='details']//a[contains(text(),'Nokia Lumia 1020')]]]]>
    </line>
    <line>
      <![CDATA[Verify text NokiaLumia : [[ChromeDriver: chrome on WINDOWS (13f5dd6475e961b0f2ea317ec0c56908)] -> xpath: //h1[contains(text(),'Nokia Lumia 1020')]]]]>
    </line>
    <line>
      <![CDATA[Verify text $349 : [[ChromeDriver: chrome on WINDOWS (13f5dd6475e961b0f2ea317ec0c56908)] -> xpath: //span[@id='price-value-20']]]]>
    </line>
    <line>
      <![CDATA[Click on Add to cart : [[ChromeDriver: chrome on WINDOWS (13f5dd6475e961b0f2ea317ec0c56908)] -> xpath: //button[@id='add-to-cart-button-20']]]]>
    </line>
    <line>
      <![CDATA[Verify Text message : [[ChromeDriver: chrome on WINDOWS (13f5dd6475e961b0f2ea317ec0c56908)] -> xpath: //div[@id='bar-notification']/div/p]]]>
    </line>
    <line>
      <![CDATA[Click on CrossTab : [[ChromeDriver: chrome on WINDOWS (13f5dd6475e961b0f2ea317ec0c56908)] -> xpath: //span[@class='close']]]]>
    </line>
  </reporter-output>
  <suite name="Smoke suite" duration-ms="42868" started-at="2022-12-13T22:52:08 GMT" finished-at="2022-12-13T22:52:51 GMT">
    <groups>
      <group name="regression">
        <method signature="ComputerPageTest.verifyProductAddedToShoppingCartSuccessFully()[pri:0, instance:com.nopcommerce.demo.testsuite.ComputerPageTest@10d59286]" name="verifyProductAddedToShoppingCartSuccessFully" class="com.nopcommerce.demo.testsuite.ComputerPageTest"/>
        <method signature="ComputerPageTest.verifyProductArrangeInAlphaBaticalOrder()[pri:0, instance:com.nopcommerce.demo.testsuite.ComputerPageTest@10d59286]" name="verifyProductArrangeInAlphaBaticalOrder" class="com.nopcommerce.demo.testsuite.ComputerPageTest"/>
        <method signature="ElectronicsTest.TestNameVerifyUserShouldNavigateToCellPhonesPageSuccessfully()[pri:0, instance:com.nopcommerce.demo.testsuite.ElectronicsTest@fe18270]" name="TestNameVerifyUserShouldNavigateToCellPhonesPageSuccessfully" class="com.nopcommerce.demo.testsuite.ElectronicsTest"/>
        <method signature="ElectronicsTest.verifyThatTheProductAddedSuccessfullyAndPlaceOrderSuccessfully()[pri:0, instance:com.nopcommerce.demo.testsuite.ElectronicsTest@fe18270]" name="verifyThatTheProductAddedSuccessfullyAndPlaceOrderSuccessfully" class="com.nopcommerce.demo.testsuite.ElectronicsTest"/>
        <method signature="HomePageTest.verifyPageNavigationToComputerPageSuccessfully()[pri:0, instance:com.nopcommerce.demo.testsuite.HomePageTest@2e3fc542]" name="verifyPageNavigationToComputerPageSuccessfully" class="com.nopcommerce.demo.testsuite.HomePageTest"/>
      </group> <!-- regression -->
      <group name="smoke">
        <method signature="ComputerPageTest.verifyProductAddedToShoppingCartSuccessFully()[pri:0, instance:com.nopcommerce.demo.testsuite.ComputerPageTest@10d59286]" name="verifyProductAddedToShoppingCartSuccessFully" class="com.nopcommerce.demo.testsuite.ComputerPageTest"/>
        <method signature="ElectronicsTest.verifyThatTheProductAddedSuccessfullyAndPlaceOrderSuccessfully()[pri:0, instance:com.nopcommerce.demo.testsuite.ElectronicsTest@fe18270]" name="verifyThatTheProductAddedSuccessfullyAndPlaceOrderSuccessfully" class="com.nopcommerce.demo.testsuite.ElectronicsTest"/>
      </group> <!-- smoke -->
      <group name="sanity">
        <method signature="ComputerPageTest.verifyProductArrangeInAlphaBaticalOrder()[pri:0, instance:com.nopcommerce.demo.testsuite.ComputerPageTest@10d59286]" name="verifyProductArrangeInAlphaBaticalOrder" class="com.nopcommerce.demo.testsuite.ComputerPageTest"/>
        <method signature="ElectronicsTest.TestNameVerifyUserShouldNavigateToCellPhonesPageSuccessfully()[pri:0, instance:com.nopcommerce.demo.testsuite.ElectronicsTest@fe18270]" name="TestNameVerifyUserShouldNavigateToCellPhonesPageSuccessfully" class="com.nopcommerce.demo.testsuite.ElectronicsTest"/>
        <method signature="HomePageTest.verifyPageNavigationToComputerPageSuccessfully()[pri:0, instance:com.nopcommerce.demo.testsuite.HomePageTest@2e3fc542]" name="verifyPageNavigationToComputerPageSuccessfully" class="com.nopcommerce.demo.testsuite.HomePageTest"/>
      </group> <!-- sanity -->
    </groups>
    <test name="smoke Test" duration-ms="42868" started-at="2022-12-13T22:52:08 GMT" finished-at="2022-12-13T22:52:51 GMT">
      <class name="com.nopcommerce.demo.testsuite.HomePageTest">
        <test-method status="PASS" signature="setUp()[pri:0, instance:com.nopcommerce.demo.testsuite.HomePageTest@2e3fc542]" name="setUp" is-config="true" duration-ms="4438" started-at="2022-12-13T22:52:09 GMT" finished-at="2022-12-13T22:52:13 GMT">
          <reporter-output>
          </reporter-output>
        </test-method> <!-- setUp -->
        <test-method status="PASS" signature="inIt()[pri:0, instance:com.nopcommerce.demo.testsuite.HomePageTest@2e3fc542]" name="inIt" is-config="true" duration-ms="47" started-at="2022-12-13T22:52:13 GMT" finished-at="2022-12-13T22:52:13 GMT">
          <reporter-output>
          </reporter-output>
        </test-method> <!-- inIt -->
        <test-method status="PASS" signature="verifyPageNavigationToComputerPageSuccessfully()[pri:0, instance:com.nopcommerce.demo.testsuite.HomePageTest@2e3fc542]" name="verifyPageNavigationToComputerPageSuccessfully" duration-ms="1330" started-at="2022-12-13T22:52:13 GMT" finished-at="2022-12-13T22:52:14 GMT">
          <reporter-output>
            <line>
              <![CDATA[Clicking on Computer Link : [[ChromeDriver: chrome on WINDOWS (65b2b6a01962edc79be993f073698a1c)] -> xpath: //ul[@class='top-menu notmobile']//a[contains(text(),'Computers')]]]]>
            </line>
          </reporter-output>
        </test-method> <!-- verifyPageNavigationToComputerPageSuccessfully -->
        <test-method status="PASS" signature="tearDown()[pri:0, instance:com.nopcommerce.demo.testsuite.HomePageTest@2e3fc542]" name="tearDown" is-config="true" duration-ms="719" started-at="2022-12-13T22:52:14 GMT" finished-at="2022-12-13T22:52:15 GMT">
          <reporter-output>
          </reporter-output>
        </test-method> <!-- tearDown -->
      </class> <!-- com.nopcommerce.demo.testsuite.HomePageTest -->
      <class name="com.nopcommerce.demo.testsuite.ElectronicsTest">
        <test-method status="PASS" signature="setUp()[pri:0, instance:com.nopcommerce.demo.testsuite.ElectronicsTest@fe18270]" name="setUp" is-config="true" duration-ms="3052" started-at="2022-12-13T22:52:39 GMT" finished-at="2022-12-13T22:52:42 GMT">
          <reporter-output>
          </reporter-output>
        </test-method> <!-- setUp -->
        <test-method status="PASS" signature="inIt()[pri:0, instance:com.nopcommerce.demo.testsuite.ElectronicsTest@fe18270]" name="inIt" is-config="true" duration-ms="13" started-at="2022-12-13T22:52:42 GMT" finished-at="2022-12-13T22:52:42 GMT">
          <reporter-output>
          </reporter-output>
        </test-method> <!-- inIt -->
        <test-method status="PASS" signature="TestNameVerifyUserShouldNavigateToCellPhonesPageSuccessfully()[pri:0, instance:com.nopcommerce.demo.testsuite.ElectronicsTest@fe18270]" name="TestNameVerifyUserShouldNavigateToCellPhonesPageSuccessfully" duration-ms="1366" started-at="2022-12-13T22:52:42 GMT" finished-at="2022-12-13T22:52:44 GMT">
          <reporter-output>
            <line>
              <![CDATA[Clicking on Continue Tab : [[ChromeDriver: chrome on WINDOWS (1364f013e1c9d77130088d15b37dc65f)] -> xpath: //ul[@class='top-menu notmobile']/li[2]]]]>
            </line>
            <line>
              <![CDATA[Clicking on Continue Tab : [[ChromeDriver: chrome on WINDOWS (1364f013e1c9d77130088d15b37dc65f)] -> xpath: //ul[@class='top-menu notmobile']/li[2]]]]>
            </line>
            <line>
              <![CDATA[Clicking on Cellphone : [[ChromeDriver: chrome on WINDOWS (1364f013e1c9d77130088d15b37dc65f)] -> xpath: //body[1]/div[6]/div[2]/ul[1]/li[2]/ul[1]/li[2]/a[1]]]]>
            </line>
            <line>
              <![CDATA[Text verify : [[ChromeDriver: chrome on WINDOWS (1364f013e1c9d77130088d15b37dc65f)] -> xpath: //h1[contains(text(),'Cell phones')]]]]>
            </line>
          </reporter-output>
        </test-method> <!-- TestNameVerifyUserShouldNavigateToCellPhonesPageSuccessfully -->
        <test-method status="PASS" signature="tearDown()[pri:0, instance:com.nopcommerce.demo.testsuite.ElectronicsTest@fe18270]" name="tearDown" is-config="true" duration-ms="724" started-at="2022-12-13T22:52:44 GMT" finished-at="2022-12-13T22:52:44 GMT">
          <reporter-output>
          </reporter-output>
        </test-method> <!-- tearDown -->
        <test-method status="PASS" signature="setUp()[pri:0, instance:com.nopcommerce.demo.testsuite.ElectronicsTest@fe18270]" name="setUp" is-config="true" duration-ms="3062" started-at="2022-12-13T22:52:44 GMT" finished-at="2022-12-13T22:52:48 GMT">
          <reporter-output>
          </reporter-output>
        </test-method> <!-- setUp -->
        <test-method status="PASS" signature="inIt()[pri:0, instance:com.nopcommerce.demo.testsuite.ElectronicsTest@fe18270]" name="inIt" is-config="true" duration-ms="5" started-at="2022-12-13T22:52:48 GMT" finished-at="2022-12-13T22:52:48 GMT">
          <reporter-output>
          </reporter-output>
        </test-method> <!-- inIt -->
        <test-method status="FAIL" signature="verifyThatTheProductAddedSuccessfullyAndPlaceOrderSuccessfully()[pri:0, instance:com.nopcommerce.demo.testsuite.ElectronicsTest@fe18270]" name="verifyThatTheProductAddedSuccessfullyAndPlaceOrderSuccessfully" duration-ms="2402" started-at="2022-12-13T22:52:48 GMT" finished-at="2022-12-13T22:52:50 GMT">
          <exception class="org.openqa.selenium.ElementNotInteractableException">
            <message>
              <![CDATA[element not interactable: [object HTMLButtonElement] has no size and location
  (Session info: chrome=108.0.5359.99)
Build info: version: '4.6.0', revision: '79f1c02ae20'
System info: os.name: 'Windows 10', os.arch: 'amd64', os.version: '10.0', java.version: '1.8.0_251'
Driver info: org.openqa.selenium.chrome.ChromeDriver
Command: [13f5dd6475e961b0f2ea317ec0c56908, actions {actions=[org.openqa.selenium.interactions.Sequence@17fa1336]}]
Capabilities {acceptInsecureCerts: false, browserName: chrome, browserVersion: 108.0.5359.99, chrome: {chromedriverVersion: 108.0.5359.71 (1e0e3868ee06..., userDataDir: C:\Users\kinmi\AppData\Loca...}, goog:chromeOptions: {debuggerAddress: localhost:58584}, networkConnectionEnabled: false, pageLoadStrategy: normal, platformName: WINDOWS, proxy: Proxy(), se:cdp: ws://localhost:58584/devtoo..., se:cdpVersion: 108.0.5359.99, setWindowRect: true, strictFileInteractability: false, timeouts: {implicit: 0, pageLoad: 300000, script: 30000}, unhandledPromptBehavior: dismiss and notify, webauthn:extension:credBlob: true, webauthn:extension:largeBlob: true, webauthn:virtualAuthenticators: true}
Session ID: 13f5dd6475e961b0f2ea317ec0c56908]]>
            </message>
            <full-stacktrace>
              <![CDATA[org.openqa.selenium.ElementNotInteractableException: element not interactable: [object HTMLButtonElement] has no size and location
  (Session info: chrome=108.0.5359.99)
Build info: version: '4.6.0', revision: '79f1c02ae20'
System info: os.name: 'Windows 10', os.arch: 'amd64', os.version: '10.0', java.version: '1.8.0_251'
Driver info: org.openqa.selenium.chrome.ChromeDriver
Command: [13f5dd6475e961b0f2ea317ec0c56908, actions {actions=[org.openqa.selenium.interactions.Sequence@17fa1336]}]
Capabilities {acceptInsecureCerts: false, browserName: chrome, browserVersion: 108.0.5359.99, chrome: {chromedriverVersion: 108.0.5359.71 (1e0e3868ee06..., userDataDir: C:\Users\kinmi\AppData\Loca...}, goog:chromeOptions: {debuggerAddress: localhost:58584}, networkConnectionEnabled: false, pageLoadStrategy: normal, platformName: WINDOWS, proxy: Proxy(), se:cdp: ws://localhost:58584/devtoo..., se:cdpVersion: 108.0.5359.99, setWindowRect: true, strictFileInteractability: false, timeouts: {implicit: 0, pageLoad: 300000, script: 30000}, unhandledPromptBehavior: dismiss and notify, webauthn:extension:credBlob: true, webauthn:extension:largeBlob: true, webauthn:virtualAuthenticators: true}
Session ID: 13f5dd6475e961b0f2ea317ec0c56908
at sun.reflect.NativeConstructorAccessorImpl.newInstance0(Native Method)
at sun.reflect.NativeConstructorAccessorImpl.newInstance(NativeConstructorAccessorImpl.java:62)
at sun.reflect.DelegatingConstructorAccessorImpl.newInstance(DelegatingConstructorAccessorImpl.java:45)
at java.lang.reflect.Constructor.newInstance(Constructor.java:423)
at org.openqa.selenium.remote.codec.w3c.W3CHttpResponseCodec.createException(W3CHttpResponseCodec.java:200)
at org.openqa.selenium.remote.codec.w3c.W3CHttpResponseCodec.decode(W3CHttpResponseCodec.java:133)
at org.openqa.selenium.remote.codec.w3c.W3CHttpResponseCodec.decode(W3CHttpResponseCodec.java:53)
at org.openqa.selenium.remote.HttpCommandExecutor.execute(HttpCommandExecutor.java:184)
at org.openqa.selenium.remote.service.DriverCommandExecutor.invokeExecute(DriverCommandExecutor.java:167)
at org.openqa.selenium.remote.service.DriverCommandExecutor.execute(DriverCommandExecutor.java:142)
at org.openqa.selenium.remote.RemoteWebDriver.execute(RemoteWebDriver.java:541)
at org.openqa.selenium.remote.RemoteWebDriver.perform(RemoteWebDriver.java:609)
at org.openqa.selenium.interactions.Actions$BuiltAction.perform(Actions.java:567)
at org.openqa.selenium.interactions.Actions.perform(Actions.java:536)
at com.nopcommerce.demo.utility.Utility.mouseHoverToElementAndClick(Utility.java:248)
at com.nopcommerce.demo.pages.ElectronicsPage.clickOnShoppingCart(ElectronicsPage.java:305)
at com.nopcommerce.demo.testsuite.ElectronicsTest.verifyThatTheProductAddedSuccessfullyAndPlaceOrderSuccessfully(ElectronicsTest.java:59)
at sun.reflect.NativeMethodAccessorImpl.invoke0(Native Method)
at sun.reflect.NativeMethodAccessorImpl.invoke(NativeMethodAccessorImpl.java:62)
at sun.reflect.DelegatingMethodAccessorImpl.invoke(DelegatingMethodAccessorImpl.java:43)
at java.lang.reflect.Method.invoke(Method.java:498)
at org.testng.internal.invokers.MethodInvocationHelper.invokeMethod(MethodInvocationHelper.java:135)
at org.testng.internal.invokers.TestInvoker.invokeMethod(TestInvoker.java:673)
at org.testng.internal.invokers.TestInvoker.invokeTestMethod(TestInvoker.java:220)
at org.testng.internal.invokers.MethodRunner.runInSequence(MethodRunner.java:50)
at org.testng.internal.invokers.TestInvoker$MethodInvocationAgent.invoke(TestInvoker.java:945)
at org.testng.internal.invokers.TestInvoker.invokeTestMethods(TestInvoker.java:193)
at org.testng.internal.invokers.TestMethodWorker.invokeTestMethods(TestMethodWorker.java:146)
at org.testng.internal.invokers.TestMethodWorker.run(TestMethodWorker.java:128)
at java.util.ArrayList.forEach(ArrayList.java:1257)
at org.testng.TestRunner.privateRun(TestRunner.java:808)
at org.testng.TestRunner.run(TestRunner.java:603)
at org.testng.SuiteRunner.runTest(SuiteRunner.java:429)
at org.testng.SuiteRunner.runSequentially(SuiteRunner.java:423)
at org.testng.SuiteRunner.privateRun(SuiteRunner.java:383)
at org.testng.SuiteRunner.run(SuiteRunner.java:326)
at org.testng.SuiteRunnerWorker.runSuite(SuiteRunnerWorker.java:52)
at org.testng.SuiteRunnerWorker.run(SuiteRunnerWorker.java:95)
at org.testng.TestNG.runSuitesSequentially(TestNG.java:1249)
at org.testng.TestNG.runSuitesLocally(TestNG.java:1169)
at org.testng.TestNG.runSuites(TestNG.java:1092)
at org.testng.TestNG.run(TestNG.java:1060)
at com.intellij.rt.testng.IDEARemoteTestNG.run(IDEARemoteTestNG.java:66)
at com.intellij.rt.testng.RemoteTestNGStarter.main(RemoteTestNGStarter.java:109)
]]>
            </full-stacktrace>
          </exception> <!-- org.openqa.selenium.ElementNotInteractableException -->
          <reporter-output>
            <line>
              <![CDATA[Clicking on Continue Tab : [[ChromeDriver: chrome on WINDOWS (13f5dd6475e961b0f2ea317ec0c56908)] -> xpath: //ul[@class='top-menu notmobile']/li[2]]]]>
            </line>
            <line>
              <![CDATA[Clicking on Continue Tab : [[ChromeDriver: chrome on WINDOWS (13f5dd6475e961b0f2ea317ec0c56908)] -> xpath: //ul[@class='top-menu notmobile']/li[2]]]]>
            </line>
            <line>
              <![CDATA[Clicking on Cellphone : [[ChromeDriver: chrome on WINDOWS (13f5dd6475e961b0f2ea317ec0c56908)] -> xpath: //body[1]/div[6]/div[2]/ul[1]/li[2]/ul[1]/li[2]/a[1]]]]>
            </line>
            <line>
              <![CDATA[Text verify : [[ChromeDriver: chrome on WINDOWS (13f5dd6475e961b0f2ea317ec0c56908)] -> xpath: //h1[contains(text(),'Cell phones')]]]]>
            </line>
            <line>
              <![CDATA[Click on listview : [[ChromeDriver: chrome on WINDOWS (13f5dd6475e961b0f2ea317ec0c56908)] -> xpath: //h1[contains(text(),'Cell phones')]]]]>
            </line>
            <line>
              <![CDATA[Click on NokiaLumia : [[ChromeDriver: chrome on WINDOWS (13f5dd6475e961b0f2ea317ec0c56908)] -> xpath: //div[@class='details']//a[contains(text(),'Nokia Lumia 1020')]]]]>
            </line>
            <line>
              <![CDATA[Verify text NokiaLumia : [[ChromeDriver: chrome on WINDOWS (13f5dd6475e961b0f2ea317ec0c56908)] -> xpath: //h1[contains(text(),'Nokia Lumia 1020')]]]]>
            </line>
            <line>
              <![CDATA[Verify text $349 : [[ChromeDriver: chrome on WINDOWS (13f5dd6475e961b0f2ea317ec0c56908)] -> xpath: //span[@id='price-value-20']]]]>
            </line>
            <line>
              <![CDATA[Click on Add to cart : [[ChromeDriver: chrome on WINDOWS (13f5dd6475e961b0f2ea317ec0c56908)] -> xpath: //button[@id='add-to-cart-button-20']]]]>
            </line>
            <line>
              <![CDATA[Verify Text message : [[ChromeDriver: chrome on WINDOWS (13f5dd6475e961b0f2ea317ec0c56908)] -> xpath: //div[@id='bar-notification']/div/p]]]>
            </line>
            <line>
              <![CDATA[Click on CrossTab : [[ChromeDriver: chrome on WINDOWS (13f5dd6475e961b0f2ea317ec0c56908)] -> xpath: //span[@class='close']]]]>
            </line>
          </reporter-output>
        </test-method> <!-- verifyThatTheProductAddedSuccessfullyAndPlaceOrderSuccessfully -->
        <test-method status="PASS" signature="tearDown()[pri:0, instance:com.nopcommerce.demo.testsuite.ElectronicsTest@fe18270]" name="tearDown" is-config="true" duration-ms="732" started-at="2022-12-13T22:52:50 GMT" finished-at="2022-12-13T22:52:51 GMT">
          <reporter-output>
          </reporter-output>
        </test-method> <!-- tearDown -->
      </class> <!-- com.nopcommerce.demo.testsuite.ElectronicsTest -->
      <class name="com.nopcommerce.demo.testsuite.ComputerPageTest">
        <test-method status="PASS" signature="setUp()[pri:0, instance:com.nopcommerce.demo.testsuite.ComputerPageTest@10d59286]" name="setUp" is-config="true" duration-ms="2871" started-at="2022-12-13T22:52:15 GMT" finished-at="2022-12-13T22:52:18 GMT">
          <reporter-output>
          </reporter-output>
        </test-method> <!-- setUp -->
        <test-method status="PASS" signature="inIt()[pri:0, instance:com.nopcommerce.demo.testsuite.ComputerPageTest@10d59286]" name="inIt" is-config="true" duration-ms="18" started-at="2022-12-13T22:52:18 GMT" finished-at="2022-12-13T22:52:18 GMT">
          <reporter-output>
          </reporter-output>
        </test-method> <!-- inIt -->
        <test-method status="PASS" signature="verifyProductAddedToShoppingCartSuccessFully()[pri:0, instance:com.nopcommerce.demo.testsuite.ComputerPageTest@10d59286]" name="verifyProductAddedToShoppingCartSuccessFully" duration-ms="14682" started-at="2022-12-13T22:52:18 GMT" finished-at="2022-12-13T22:52:33 GMT">
          <reporter-output>
            <line>
              <![CDATA[Clicking on Computer Tab : [[ChromeDriver: chrome on WINDOWS (c26b981dba5a822e807be9a0d405306d)] -> xpath: //ul[@class='top-menu notmobile']//a[contains(text(),'Computers')]]]]>
            </line>
            <line>
              <![CDATA[Clicking on Desktop : [[ChromeDriver: chrome on WINDOWS (c26b981dba5a822e807be9a0d405306d)] -> link text: Desktops]]]>
            </line>
            <line>
              <![CDATA[Clicking on Add to cart Tab : [[ChromeDriver: chrome on WINDOWS (c26b981dba5a822e807be9a0d405306d)] -> xpath: //div[@class='add-info']//button[@onclick='return AjaxCart.addproducttocart_catalog("/addproducttocart/catalog/1/1/1"),!1']]]]>
            </line>
            <line>
              <![CDATA[Clicking on Add to oCart Link : [[ChromeDriver: chrome on WINDOWS (c26b981dba5a822e807be9a0d405306d)] -> id: add-to-cart-button-1]]]>
            </line>
            <line>
              <![CDATA[Get Text Message : [[ChromeDriver: chrome on WINDOWS (c26b981dba5a822e807be9a0d405306d)] -> xpath: //div[@class='bar-notification success']/p[1]]]]>
            </line>
            <line>
              <![CDATA[Clicking on Cross button : [[ChromeDriver: chrome on WINDOWS (c26b981dba5a822e807be9a0d405306d)] -> xpath: //span[@class='close']]]]>
            </line>
            <line>
              <![CDATA[Verify Text Message : [[ChromeDriver: chrome on WINDOWS (c26b981dba5a822e807be9a0d405306d)] -> xpath: //h1[text()='Shopping cart']]]]>
            </line>
            <line>
              <![CDATA[Clicking on Update ShoppingCart : [[ChromeDriver: chrome on WINDOWS (c26b981dba5a822e807be9a0d405306d)] -> xpath: //button[@id='updatecart']]]]>
            </line>
            <line>
              <![CDATA[Verify Text  : [[ChromeDriver: chrome on WINDOWS (c26b981dba5a822e807be9a0d405306d)] -> xpath: //tbody/tr[4]/td[2]/span[1]/strong[1]]]]>
            </line>
            <line>
              <![CDATA[Clicking on CheckBox : [[ChromeDriver: chrome on WINDOWS (c26b981dba5a822e807be9a0d405306d)] -> xpath: /html[1]/body[1]/div[6]/div[3]/div[1]/div[1]/div[1]/div[2]/div[1]/form[1]/div[3]/div[2]/div[3]/input[1]]]]>
            </line>
            <line>
              <![CDATA[Clicking on CheckOut : [[ChromeDriver: chrome on WINDOWS (c26b981dba5a822e807be9a0d405306d)] -> xpath: //button[@class='button-1 checkout-button']]]]>
            </line>
            <line>
              <![CDATA[Clicking on Guest Checkout Tab : [[ChromeDriver: chrome on WINDOWS (c26b981dba5a822e807be9a0d405306d)] -> xpath: //button[contains(text(),'Checkout as Guest')]]]]>
            </line>
            <line>
              <![CDATA[Sending FirstName  : John to [[ChromeDriver: chrome on WINDOWS (c26b981dba5a822e807be9a0d405306d)] -> id: BillingNewAddress_FirstName]]]>
            </line>
            <line>
              <![CDATA[Sending Lastname  : white to [[ChromeDriver: chrome on WINDOWS (c26b981dba5a822e807be9a0d405306d)] -> id: BillingNewAddress_LastName]]]>
            </line>
            <line>
              <![CDATA[Sending email  : 123aaa@gmail.com to [[ChromeDriver: chrome on WINDOWS (c26b981dba5a822e807be9a0d405306d)] -> id: BillingNewAddress_Email]]]>
            </line>
            <line>
              <![CDATA[Select Country  : United Kingdom to [[ChromeDriver: chrome on WINDOWS (c26b981dba5a822e807be9a0d405306d)] -> id: BillingNewAddress_CountryId]]]>
            </line>
            <line>
              <![CDATA[Enter City  : London to [[ChromeDriver: chrome on WINDOWS (c26b981dba5a822e807be9a0d405306d)] -> id: BillingNewAddress_City]]]>
            </line>
            <line>
              <![CDATA[Enter address1  : 14 crofts Rd to [[ChromeDriver: chrome on WINDOWS (c26b981dba5a822e807be9a0d405306d)] -> id: BillingNewAddress_Address1]]]>
            </line>
            <line>
              <![CDATA[Enter PostCode  : wd17 2tr to [[ChromeDriver: chrome on WINDOWS (c26b981dba5a822e807be9a0d405306d)] -> id: BillingNewAddress_ZipPostalCode]]]>
            </line>
            <line>
              <![CDATA[Enter phoneNumber  : 07654327856 to [[ChromeDriver: chrome on WINDOWS (c26b981dba5a822e807be9a0d405306d)] -> id: BillingNewAddress_PhoneNumber]]]>
            </line>
            <line>
              <![CDATA[Clicking on Continue Tab : [[ChromeDriver: chrome on WINDOWS (c26b981dba5a822e807be9a0d405306d)] -> xpath: //div[@id='billing-buttons-container']//button[text()='Continue']]]]>
            </line>
            <line>
              <![CDATA[Clicking on RadioButton : [[ChromeDriver: chrome on WINDOWS (c26b981dba5a822e807be9a0d405306d)] -> id: shippingoption_1]]]>
            </line>
            <line>
              <![CDATA[Clicking on Continue Tab : [[ChromeDriver: chrome on WINDOWS (c26b981dba5a822e807be9a0d405306d)] -> xpath: //button[@class='button-1 shipping-method-next-step-button']]]]>
            </line>
            <line>
              <![CDATA[Enter cardholder name  : john white to [[ChromeDriver: chrome on WINDOWS (c26b981dba5a822e807be9a0d405306d)] -> id: CardholderName]]]>
            </line>
            <line>
              <![CDATA[Enter cardNumber name  : 0795 5666 6667 7777 to [[ChromeDriver: chrome on WINDOWS (c26b981dba5a822e807be9a0d405306d)] -> id: CardNumber]]]>
            </line>
            <line>
              <![CDATA[Enter expireMonth  : 05 to [[ChromeDriver: chrome on WINDOWS (c26b981dba5a822e807be9a0d405306d)] -> id: ExpireMonth]]]>
            </line>
            <line>
              <![CDATA[Enter expireYear  : 2025 to [[ChromeDriver: chrome on WINDOWS (c26b981dba5a822e807be9a0d405306d)] -> id: ExpireYear]]]>
            </line>
            <line>
              <![CDATA[Enter cvvNumber  : 567 to [[ChromeDriver: chrome on WINDOWS (c26b981dba5a822e807be9a0d405306d)] -> xpath: //input[@data-val-regex='Wrong card code']]]]>
            </line>
            <line>
              <![CDATA[Clicking on Continue Tab : [[ChromeDriver: chrome on WINDOWS (c26b981dba5a822e807be9a0d405306d)] -> xpath: //button[@class='button-1 payment-info-next-step-button']]]]>
            </line>
            <line>
              <![CDATA[Verify PaymentMethod : [[ChromeDriver: chrome on WINDOWS (c26b981dba5a822e807be9a0d405306d)] -> xpath: //span[contains(text(),'Payment Method:')]]]]>
            </line>
            <line>
              <![CDATA[Verify Message : [[ChromeDriver: chrome on WINDOWS (c26b981dba5a822e807be9a0d405306d)] -> xpath: //span[contains(text(),'Credit Card')]]]]>
            </line>
            <line>
              <![CDATA[Verify Message : [[ChromeDriver: chrome on WINDOWS (c26b981dba5a822e807be9a0d405306d)] -> xpath: //span[contains(text(),'Shipping Method:')]]]]>
            </line>
            <line>
              <![CDATA[Verify Message : [[ChromeDriver: chrome on WINDOWS (c26b981dba5a822e807be9a0d405306d)] -> xpath: //ul//li//span[contains(text(),'Next Day Air')]]]]>
            </line>
            <line>
              <![CDATA[Verify Total : [[ChromeDriver: chrome on WINDOWS (c26b981dba5a822e807be9a0d405306d)] -> xpath: //span//strong[contains(text(),'$2,950.00')]]]]>
            </line>
            <line>
              <![CDATA[Clicking on confirm Tab : [[ChromeDriver: chrome on WINDOWS (c26b981dba5a822e807be9a0d405306d)] -> xpath: //button[@type='button' and @onclick='ConfirmOrder.save()']]]]>
            </line>
            <line>
              <![CDATA[Verify Message : [[ChromeDriver: chrome on WINDOWS (c26b981dba5a822e807be9a0d405306d)] -> xpath: //h1[text()='Thank you']]]]>
            </line>
            <line>
              <![CDATA[Verify Message : [[ChromeDriver: chrome on WINDOWS (c26b981dba5a822e807be9a0d405306d)] -> xpath: //strong[text()='Your order has been successfully processed!']]]]>
            </line>
            <line>
              <![CDATA[Clicking on Continue Tab : [[ChromeDriver: chrome on WINDOWS (c26b981dba5a822e807be9a0d405306d)] -> xpath: //button[@onclick='setLocation("/")']]]]>
            </line>
            <line>
              <![CDATA[Verify Text : [[ChromeDriver: chrome on WINDOWS (c26b981dba5a822e807be9a0d405306d)] -> xpath: //h2[text()='Welcome to our store']]]]>
            </line>
          </reporter-output>
        </test-method> <!-- verifyProductAddedToShoppingCartSuccessFully -->
        <test-method status="PASS" signature="tearDown()[pri:0, instance:com.nopcommerce.demo.testsuite.ComputerPageTest@10d59286]" name="tearDown" is-config="true" duration-ms="746" started-at="2022-12-13T22:52:33 GMT" finished-at="2022-12-13T22:52:33 GMT">
          <reporter-output>
          </reporter-output>
        </test-method> <!-- tearDown -->
        <test-method status="PASS" signature="setUp()[pri:0, instance:com.nopcommerce.demo.testsuite.ComputerPageTest@10d59286]" name="setUp" is-config="true" duration-ms="3031" started-at="2022-12-13T22:52:33 GMT" finished-at="2022-12-13T22:52:36 GMT">
          <reporter-output>
          </reporter-output>
        </test-method> <!-- setUp -->
        <test-method status="PASS" signature="inIt()[pri:0, instance:com.nopcommerce.demo.testsuite.ComputerPageTest@10d59286]" name="inIt" is-config="true" duration-ms="7" started-at="2022-12-13T22:52:36 GMT" finished-at="2022-12-13T22:52:36 GMT">
          <reporter-output>
          </reporter-output>
        </test-method> <!-- inIt -->
        <test-method status="PASS" signature="verifyProductArrangeInAlphaBaticalOrder()[pri:0, instance:com.nopcommerce.demo.testsuite.ComputerPageTest@10d59286]" name="verifyProductArrangeInAlphaBaticalOrder" duration-ms="2114" started-at="2022-12-13T22:52:36 GMT" finished-at="2022-12-13T22:52:39 GMT">
          <reporter-output>
            <line>
              <![CDATA[Clicking on Computer Tab : [[ChromeDriver: chrome on WINDOWS (aaf215674db67558a467349a405d7599)] -> xpath: //ul[@class='top-menu notmobile']//a[contains(text(),'Computers')]]]]>
            </line>
            <line>
              <![CDATA[Clicking on Desktop : [[ChromeDriver: chrome on WINDOWS (aaf215674db67558a467349a405d7599)] -> link text: Desktops]]]>
            </line>
          </reporter-output>
        </test-method> <!-- verifyProductArrangeInAlphaBaticalOrder -->
        <test-method status="PASS" signature="tearDown()[pri:0, instance:com.nopcommerce.demo.testsuite.ComputerPageTest@10d59286]" name="tearDown" is-config="true" duration-ms="720" started-at="2022-12-13T22:52:39 GMT" finished-at="2022-12-13T22:52:39 GMT">
          <reporter-output>
          </reporter-output>
        </test-method> <!-- tearDown -->
      </class> <!-- com.nopcommerce.demo.testsuite.ComputerPageTest -->
    </test> <!-- smoke Test -->
  </suite> <!-- Smoke suite -->
</testng-results>
